<?xml version="1.0" encoding="UTF-8"?>
<testsuite name="com.cg.onlineadmissionsyst.servtes.PaymentMockitoTest" tests="8" skipped="2" failures="0" errors="0" timestamp="2021-05-17T07:55:42" hostname="LAPTOP-F30D8FKO" time="0.034">
  <properties/>
  <testcase name="testgetPaymentDetailsByEmail()" classname="com.cg.onlineadmissionsyst.servtes.PaymentMockitoTest" time="0.005"/>
  <testcase name="getPaymentDetailsByApplicationIdtest()" classname="com.cg.onlineadmissionsyst.servtes.PaymentMockitoTest" time="0.004"/>
  <testcase name="testAddPayment()" classname="com.cg.onlineadmissionsyst.servtes.PaymentMockitoTest" time="0.0">
    <skipped/>
  </testcase>
  <testcase name="testDeletePaymentById()" classname="com.cg.onlineadmissionsyst.servtes.PaymentMockitoTest" time="0.003"/>
  <testcase name="testGetPaymentById()" classname="com.cg.onlineadmissionsyst.servtes.PaymentMockitoTest" time="0.005"/>
  <testcase name="testviewAllPaymentDetails()" classname="com.cg.onlineadmissionsyst.servtes.PaymentMockitoTest" time="0.0">
    <skipped/>
  </testcase>
  <testcase name="testFindByPaymentStatus()" classname="com.cg.onlineadmissionsyst.servtes.PaymentMockitoTest" time="0.004"/>
  <testcase name="testUpdatePaymentDetails()" classname="com.cg.onlineadmissionsyst.servtes.PaymentMockitoTest" time="0.006"/>
  <system-out><![CDATA[2021-05-17 13:25:42.331  INFO 25936 --- [    Test worker] o.s.t.c.s.DefaultTestContextBootstrapper : Neither @ContextConfiguration nor @ContextHierarchy found for test class [com.cg.onlineadmissionsyst.servtes.PaymentMockitoTest], using DelegatingSmartContextLoader
2021-05-17 13:25:42.332  INFO 25936 --- [    Test worker] o.s.t.c.support.AbstractContextLoader    : Could not detect default resource locations for test class [com.cg.onlineadmissionsyst.servtes.PaymentMockitoTest]: no resource found for suffixes {-context.xml}.
2021-05-17 13:25:42.332  INFO 25936 --- [    Test worker] t.c.s.AnnotationConfigContextLoaderUtils : Could not detect default configuration classes for test class [com.cg.onlineadmissionsyst.servtes.PaymentMockitoTest]: PaymentMockitoTest does not declare any static, non-private, non-final, nested classes annotated with @Configuration.
2021-05-17 13:25:42.333  INFO 25936 --- [    Test worker] o.s.t.c.s.DefaultTestContextBootstrapper : Loaded default TestExecutionListener class names from location [META-INF/spring.factories]: [org.springframework.boot.test.autoconfigure.restdocs.RestDocsTestExecutionListener, org.springframework.boot.test.autoconfigure.web.client.MockRestServiceServerResetTestExecutionListener, org.springframework.boot.test.autoconfigure.web.servlet.MockMvcPrintOnlyOnFailureTestExecutionListener, org.springframework.boot.test.autoconfigure.web.servlet.WebDriverTestExecutionListener, org.springframework.boot.test.autoconfigure.webservices.client.MockWebServiceServerTestExecutionListener, org.springframework.boot.test.mock.mockito.MockitoTestExecutionListener, org.springframework.boot.test.mock.mockito.ResetMocksTestExecutionListener, org.springframework.test.context.web.ServletTestExecutionListener, org.springframework.test.context.support.DirtiesContextBeforeModesTestExecutionListener, org.springframework.test.context.event.ApplicationEventsTestExecutionListener, org.springframework.test.context.support.DependencyInjectionTestExecutionListener, org.springframework.test.context.support.DirtiesContextTestExecutionListener, org.springframework.test.context.transaction.TransactionalTestExecutionListener, org.springframework.test.context.jdbc.SqlScriptsTestExecutionListener, org.springframework.test.context.event.EventPublishingTestExecutionListener]
2021-05-17 13:25:42.333  INFO 25936 --- [    Test worker] o.s.t.c.s.DefaultTestContextBootstrapper : Using TestExecutionListeners: [org.springframework.test.context.web.ServletTestExecutionListener@7705ad7f, org.springframework.test.context.support.DirtiesContextBeforeModesTestExecutionListener@6f6016fb, org.springframework.test.context.event.ApplicationEventsTestExecutionListener@141f0416, org.springframework.boot.test.mock.mockito.MockitoTestExecutionListener@42ba5a9f, org.springframework.test.context.support.DependencyInjectionTestExecutionListener@180e69e2, org.springframework.test.context.support.DirtiesContextTestExecutionListener@773663d6, org.springframework.test.context.transaction.TransactionalTestExecutionListener@1be5e692, org.springframework.test.context.jdbc.SqlScriptsTestExecutionListener@b1b39d3, org.springframework.test.context.event.EventPublishingTestExecutionListener@60b1002b, org.springframework.boot.test.autoconfigure.restdocs.RestDocsTestExecutionListener@245de738, org.springframework.boot.test.autoconfigure.web.client.MockRestServiceServerResetTestExecutionListener@10384457, org.springframework.boot.test.autoconfigure.web.servlet.MockMvcPrintOnlyOnFailureTestExecutionListener@423f2222, org.springframework.boot.test.autoconfigure.web.servlet.WebDriverTestExecutionListener@2ae7c216, org.springframework.boot.test.autoconfigure.webservices.client.MockWebServiceServerTestExecutionListener@61488455, org.springframework.boot.test.mock.mockito.ResetMocksTestExecutionListener@33007ed7]
]]></system-out>
  <system-err><![CDATA[]]></system-err>
</testsuite>
