<?xml version="1.0" encoding="UTF-8"?>
<testsuite name="com.cg.onlineadmissionsyst.servtes.PaymentTest" tests="8" skipped="8" failures="0" errors="0" timestamp="2021-05-17T07:55:42" hostname="LAPTOP-F30D8FKO" time="0.008">
  <properties/>
  <testcase name="testaddPayment()" classname="com.cg.onlineadmissionsyst.servtes.PaymentTest" time="0.001">
    <skipped/>
  </testcase>
  <testcase name="testgetPaymentDetailsByStatus()" classname="com.cg.onlineadmissionsyst.servtes.PaymentTest" time="0.0">
    <skipped/>
  </testcase>
  <testcase name="testgetPaymentDetailsByEmail()" classname="com.cg.onlineadmissionsyst.servtes.PaymentTest" time="0.0">
    <skipped/>
  </testcase>
  <testcase name="getPaymentDetailsByApplicationIdtest()" classname="com.cg.onlineadmissionsyst.servtes.PaymentTest" time="0.0">
    <skipped/>
  </testcase>
  <testcase name="testdeletePaymentById()" classname="com.cg.onlineadmissionsyst.servtes.PaymentTest" time="0.0">
    <skipped/>
  </testcase>
  <testcase name="testupdatePaymentDetails()" classname="com.cg.onlineadmissionsyst.servtes.PaymentTest" time="0.0">
    <skipped/>
  </testcase>
  <testcase name="testviewAllPaymentDetails()" classname="com.cg.onlineadmissionsyst.servtes.PaymentTest" time="0.0">
    <skipped/>
  </testcase>
  <testcase name="testgetPaymentDetailsByPaymentId()" classname="com.cg.onlineadmissionsyst.servtes.PaymentTest" time="0.0">
    <skipped/>
  </testcase>
  <system-out><![CDATA[2021-05-17 13:25:42.417  INFO 25936 --- [    Test worker] .b.t.c.SpringBootTestContextBootstrapper : Neither @ContextConfiguration nor @ContextHierarchy found for test class [com.cg.onlineadmissionsyst.servtes.PaymentTest], using SpringBootContextLoader
2021-05-17 13:25:42.419  INFO 25936 --- [    Test worker] o.s.t.c.support.AbstractContextLoader    : Could not detect default resource locations for test class [com.cg.onlineadmissionsyst.servtes.PaymentTest]: no resource found for suffixes {-context.xml, Context.groovy}.
2021-05-17 13:25:42.419  INFO 25936 --- [    Test worker] t.c.s.AnnotationConfigContextLoaderUtils : Could not detect default configuration classes for test class [com.cg.onlineadmissionsyst.servtes.PaymentTest]: PaymentTest does not declare any static, non-private, non-final, nested classes annotated with @Configuration.
2021-05-17 13:25:42.420  INFO 25936 --- [    Test worker] .b.t.c.SpringBootTestContextBootstrapper : Found @SpringBootConfiguration com.cg.onlineadmissionsyst.OnlineadmissionsystApplication for test class com.cg.onlineadmissionsyst.servtes.PaymentTest
2021-05-17 13:25:42.422  INFO 25936 --- [    Test worker] .b.t.c.SpringBootTestContextBootstrapper : Loaded default TestExecutionListener class names from location [META-INF/spring.factories]: [org.springframework.boot.test.autoconfigure.restdocs.RestDocsTestExecutionListener, org.springframework.boot.test.autoconfigure.web.client.MockRestServiceServerResetTestExecutionListener, org.springframework.boot.test.autoconfigure.web.servlet.MockMvcPrintOnlyOnFailureTestExecutionListener, org.springframework.boot.test.autoconfigure.web.servlet.WebDriverTestExecutionListener, org.springframework.boot.test.autoconfigure.webservices.client.MockWebServiceServerTestExecutionListener, org.springframework.boot.test.mock.mockito.MockitoTestExecutionListener, org.springframework.boot.test.mock.mockito.ResetMocksTestExecutionListener, org.springframework.test.context.web.ServletTestExecutionListener, org.springframework.test.context.support.DirtiesContextBeforeModesTestExecutionListener, org.springframework.test.context.event.ApplicationEventsTestExecutionListener, org.springframework.test.context.support.DependencyInjectionTestExecutionListener, org.springframework.test.context.support.DirtiesContextTestExecutionListener, org.springframework.test.context.transaction.TransactionalTestExecutionListener, org.springframework.test.context.jdbc.SqlScriptsTestExecutionListener, org.springframework.test.context.event.EventPublishingTestExecutionListener]
2021-05-17 13:25:42.423  INFO 25936 --- [    Test worker] .b.t.c.SpringBootTestContextBootstrapper : Using TestExecutionListeners: [org.springframework.test.context.web.ServletTestExecutionListener@5c2074d7, org.springframework.test.context.support.DirtiesContextBeforeModesTestExecutionListener@7f85d79d, org.springframework.test.context.event.ApplicationEventsTestExecutionListener@7dee021a, org.springframework.boot.test.mock.mockito.MockitoTestExecutionListener@100a1f11, org.springframework.boot.test.autoconfigure.SpringBootDependencyInjectionTestExecutionListener@4fd3570b, org.springframework.test.context.support.DirtiesContextTestExecutionListener@1ebb5853, org.springframework.test.context.transaction.TransactionalTestExecutionListener@13c8774c, org.springframework.test.context.jdbc.SqlScriptsTestExecutionListener@537a00b3, org.springframework.test.context.event.EventPublishingTestExecutionListener@6c47ed8, org.springframework.boot.test.autoconfigure.restdocs.RestDocsTestExecutionListener@4279c793, org.springframework.boot.test.autoconfigure.web.client.MockRestServiceServerResetTestExecutionListener@12dbba87, org.springframework.boot.test.autoconfigure.web.servlet.MockMvcPrintOnlyOnFailureTestExecutionListener@11a75ff7, org.springframework.boot.test.autoconfigure.web.servlet.WebDriverTestExecutionListener@34b0d1a5, org.springframework.boot.test.autoconfigure.webservices.client.MockWebServiceServerTestExecutionListener@38f9cdff, org.springframework.boot.test.mock.mockito.ResetMocksTestExecutionListener@773947e5]
]]></system-out>
  <system-err><![CDATA[]]></system-err>
</testsuite>
