<?xml version="1.0" encoding="UTF-8"?>
<testsuite name="com.cg.onlineadmissionsyst.OnlineadmissionsystApplicationTests" tests="1" skipped="0" failures="0" errors="0" timestamp="2021-05-17T07:55:41" hostname="LAPTOP-F30D8FKO" time="0.006">
  <properties/>
  <testcase name="contextLoads()" classname="com.cg.onlineadmissionsyst.OnlineadmissionsystApplicationTests" time="0.006"/>
  <system-out><![CDATA[2021-05-17 13:25:41.471  INFO 25936 --- [    Test worker] .b.t.c.SpringBootTestContextBootstrapper : Neither @ContextConfiguration nor @ContextHierarchy found for test class [com.cg.onlineadmissionsyst.OnlineadmissionsystApplicationTests], using SpringBootContextLoader
2021-05-17 13:25:41.471  INFO 25936 --- [    Test worker] o.s.t.c.support.AbstractContextLoader    : Could not detect default resource locations for test class [com.cg.onlineadmissionsyst.OnlineadmissionsystApplicationTests]: no resource found for suffixes {-context.xml, Context.groovy}.
2021-05-17 13:25:41.472  INFO 25936 --- [    Test worker] t.c.s.AnnotationConfigContextLoaderUtils : Could not detect default configuration classes for test class [com.cg.onlineadmissionsyst.OnlineadmissionsystApplicationTests]: OnlineadmissionsystApplicationTests does not declare any static, non-private, non-final, nested classes annotated with @Configuration.
2021-05-17 13:25:41.476  INFO 25936 --- [    Test worker] .b.t.c.SpringBootTestContextBootstrapper : Found @SpringBootConfiguration com.cg.onlineadmissionsyst.OnlineadmissionsystApplication for test class com.cg.onlineadmissionsyst.OnlineadmissionsystApplicationTests
2021-05-17 13:25:41.480  INFO 25936 --- [    Test worker] .b.t.c.SpringBootTestContextBootstrapper : Loaded default TestExecutionListener class names from location [META-INF/spring.factories]: [org.springframework.boot.test.autoconfigure.restdocs.RestDocsTestExecutionListener, org.springframework.boot.test.autoconfigure.web.client.MockRestServiceServerResetTestExecutionListener, org.springframework.boot.test.autoconfigure.web.servlet.MockMvcPrintOnlyOnFailureTestExecutionListener, org.springframework.boot.test.autoconfigure.web.servlet.WebDriverTestExecutionListener, org.springframework.boot.test.autoconfigure.webservices.client.MockWebServiceServerTestExecutionListener, org.springframework.boot.test.mock.mockito.MockitoTestExecutionListener, org.springframework.boot.test.mock.mockito.ResetMocksTestExecutionListener, org.springframework.test.context.web.ServletTestExecutionListener, org.springframework.test.context.support.DirtiesContextBeforeModesTestExecutionListener, org.springframework.test.context.event.ApplicationEventsTestExecutionListener, org.springframework.test.context.support.DependencyInjectionTestExecutionListener, org.springframework.test.context.support.DirtiesContextTestExecutionListener, org.springframework.test.context.transaction.TransactionalTestExecutionListener, org.springframework.test.context.jdbc.SqlScriptsTestExecutionListener, org.springframework.test.context.event.EventPublishingTestExecutionListener]
2021-05-17 13:25:41.480  INFO 25936 --- [    Test worker] .b.t.c.SpringBootTestContextBootstrapper : Using TestExecutionListeners: [org.springframework.test.context.web.ServletTestExecutionListener@53560ab2, org.springframework.test.context.support.DirtiesContextBeforeModesTestExecutionListener@129cce25, org.springframework.test.context.event.ApplicationEventsTestExecutionListener@9799341, org.springframework.boot.test.mock.mockito.MockitoTestExecutionListener@31b77d4d, org.springframework.boot.test.autoconfigure.SpringBootDependencyInjectionTestExecutionListener@5257e253, org.springframework.test.context.support.DirtiesContextTestExecutionListener@26cef3da, org.springframework.test.context.transaction.TransactionalTestExecutionListener@63e89fd9, org.springframework.test.context.jdbc.SqlScriptsTestExecutionListener@693fdbfc, org.springframework.test.context.event.EventPublishingTestExecutionListener@417f9f2, org.springframework.boot.test.autoconfigure.restdocs.RestDocsTestExecutionListener@55969a89, org.springframework.boot.test.autoconfigure.web.client.MockRestServiceServerResetTestExecutionListener@72a7d1b5, org.springframework.boot.test.autoconfigure.web.servlet.MockMvcPrintOnlyOnFailureTestExecutionListener@65500426, org.springframework.boot.test.autoconfigure.web.servlet.WebDriverTestExecutionListener@5eb3b917, org.springframework.boot.test.autoconfigure.webservices.client.MockWebServiceServerTestExecutionListener@3f10229a, org.springframework.boot.test.mock.mockito.ResetMocksTestExecutionListener@737666b4]
]]></system-out>
  <system-err><![CDATA[]]></system-err>
</testsuite>
