<?xml version="1.0" encoding="UTF-8"?>
<testsuite name="com.cg.onlineadmissionsyst.servtes.AdmissionT" tests="2" skipped="2" failures="0" errors="0" timestamp="2021-05-17T07:55:41" hostname="LAPTOP-F30D8FKO" time="0.001">
  <properties/>
  <testcase name="viewadmissiontest()" classname="com.cg.onlineadmissionsyst.servtes.AdmissionT" time="0.0">
    <skipped/>
  </testcase>
  <testcase name="addAdmission()" classname="com.cg.onlineadmissionsyst.servtes.AdmissionT" time="0.0">
    <skipped/>
  </testcase>
  <system-out><![CDATA[2021-05-17 13:25:41.854  INFO 25936 --- [    Test worker] .b.t.c.SpringBootTestContextBootstrapper : Neither @ContextConfiguration nor @ContextHierarchy found for test class [com.cg.onlineadmissionsyst.servtes.AdmissionT], using SpringBootContextLoader
2021-05-17 13:25:41.857  INFO 25936 --- [    Test worker] o.s.t.c.support.AbstractContextLoader    : Could not detect default resource locations for test class [com.cg.onlineadmissionsyst.servtes.AdmissionT]: no resource found for suffixes {-context.xml, Context.groovy}.
2021-05-17 13:25:41.857  INFO 25936 --- [    Test worker] t.c.s.AnnotationConfigContextLoaderUtils : Could not detect default configuration classes for test class [com.cg.onlineadmissionsyst.servtes.AdmissionT]: AdmissionT does not declare any static, non-private, non-final, nested classes annotated with @Configuration.
2021-05-17 13:25:41.861  INFO 25936 --- [    Test worker] .b.t.c.SpringBootTestContextBootstrapper : Found @SpringBootConfiguration com.cg.onlineadmissionsyst.OnlineadmissionsystApplication for test class com.cg.onlineadmissionsyst.servtes.AdmissionT
2021-05-17 13:25:41.863  INFO 25936 --- [    Test worker] .b.t.c.SpringBootTestContextBootstrapper : Loaded default TestExecutionListener class names from location [META-INF/spring.factories]: [org.springframework.boot.test.autoconfigure.restdocs.RestDocsTestExecutionListener, org.springframework.boot.test.autoconfigure.web.client.MockRestServiceServerResetTestExecutionListener, org.springframework.boot.test.autoconfigure.web.servlet.MockMvcPrintOnlyOnFailureTestExecutionListener, org.springframework.boot.test.autoconfigure.web.servlet.WebDriverTestExecutionListener, org.springframework.boot.test.autoconfigure.webservices.client.MockWebServiceServerTestExecutionListener, org.springframework.boot.test.mock.mockito.MockitoTestExecutionListener, org.springframework.boot.test.mock.mockito.ResetMocksTestExecutionListener, org.springframework.test.context.web.ServletTestExecutionListener, org.springframework.test.context.support.DirtiesContextBeforeModesTestExecutionListener, org.springframework.test.context.event.ApplicationEventsTestExecutionListener, org.springframework.test.context.support.DependencyInjectionTestExecutionListener, org.springframework.test.context.support.DirtiesContextTestExecutionListener, org.springframework.test.context.transaction.TransactionalTestExecutionListener, org.springframework.test.context.jdbc.SqlScriptsTestExecutionListener, org.springframework.test.context.event.EventPublishingTestExecutionListener]
2021-05-17 13:25:41.864  INFO 25936 --- [    Test worker] .b.t.c.SpringBootTestContextBootstrapper : Using TestExecutionListeners: [org.springframework.test.context.web.ServletTestExecutionListener@768d6111, org.springframework.test.context.support.DirtiesContextBeforeModesTestExecutionListener@27f21803, org.springframework.test.context.event.ApplicationEventsTestExecutionListener@3426b75, org.springframework.boot.test.mock.mockito.MockitoTestExecutionListener@4eabcf24, org.springframework.boot.test.autoconfigure.SpringBootDependencyInjectionTestExecutionListener@5333ba09, org.springframework.test.context.support.DirtiesContextTestExecutionListener@6436926c, org.springframework.test.context.transaction.TransactionalTestExecutionListener@743f545c, org.springframework.test.context.jdbc.SqlScriptsTestExecutionListener@647d7710, org.springframework.test.context.event.EventPublishingTestExecutionListener@2ad06a64, org.springframework.boot.test.autoconfigure.restdocs.RestDocsTestExecutionListener@7a2538a0, org.springframework.boot.test.autoconfigure.web.client.MockRestServiceServerResetTestExecutionListener@74b61e0c, org.springframework.boot.test.autoconfigure.web.servlet.MockMvcPrintOnlyOnFailureTestExecutionListener@7bfc227d, org.springframework.boot.test.autoconfigure.web.servlet.WebDriverTestExecutionListener@52d6f42c, org.springframework.boot.test.autoconfigure.webservices.client.MockWebServiceServerTestExecutionListener@16526ee, org.springframework.boot.test.mock.mockito.ResetMocksTestExecutionListener@45e71eb0]
]]></system-out>
  <system-err><![CDATA[]]></system-err>
</testsuite>
