<?xml version="1.0" encoding="UTF-8"?>
<testsuite name="com.cg.onlineadmissionsyst.servtes.CourseT" tests="9" skipped="5" failures="0" errors="0" timestamp="2021-05-17T07:55:41" hostname="LAPTOP-F30D8FKO" time="0.359">
  <properties/>
  <testcase name="testFindcourseById()" classname="com.cg.onlineadmissionsyst.servtes.CourseT" time="0.257"/>
  <testcase name="testaddCourse()" classname="com.cg.onlineadmissionsyst.servtes.CourseT" time="0.0">
    <skipped/>
  </testcase>
  <testcase name="getdetByNameTest()" classname="com.cg.onlineadmissionsyst.servtes.CourseT" time="0.053"/>
  <testcase name="deleteCourseIdTest()" classname="com.cg.onlineadmissionsyst.servtes.CourseT" time="0.0">
    <skipped/>
  </testcase>
  <testcase name="getdetByEligiTest()" classname="com.cg.onlineadmissionsyst.servtes.CourseT" time="0.017"/>
  <testcase name="deleteCourseNameTest()" classname="com.cg.onlineadmissionsyst.servtes.CourseT" time="0.0">
    <skipped/>
  </testcase>
  <testcase name="getdetBycollegeNameTest()" classname="com.cg.onlineadmissionsyst.servtes.CourseT" time="0.0">
    <skipped/>
  </testcase>
  <testcase name="updateCourseTest()" classname="com.cg.onlineadmissionsyst.servtes.CourseT" time="0.0">
    <skipped/>
  </testcase>
  <testcase name="testfindAll()" classname="com.cg.onlineadmissionsyst.servtes.CourseT" time="0.024"/>
  <system-out><![CDATA[13:25:26.327 [Test worker] DEBUG org.springframework.test.context.BootstrapUtils - Instantiating CacheAwareContextLoaderDelegate from class [org.springframework.test.context.cache.DefaultCacheAwareContextLoaderDelegate]
13:25:26.373 [Test worker] DEBUG org.springframework.test.context.BootstrapUtils - Instantiating BootstrapContext using constructor [public org.springframework.test.context.support.DefaultBootstrapContext(java.lang.Class,org.springframework.test.context.CacheAwareContextLoaderDelegate)]
13:25:26.476 [Test worker] DEBUG org.springframework.test.context.BootstrapUtils - Instantiating TestContextBootstrapper for test class [com.cg.onlineadmissionsyst.servtes.CourseT] from class [org.springframework.boot.test.context.SpringBootTestContextBootstrapper]
13:25:26.502 [Test worker] INFO org.springframework.boot.test.context.SpringBootTestContextBootstrapper - Neither @ContextConfiguration nor @ContextHierarchy found for test class [com.cg.onlineadmissionsyst.servtes.CourseT], using SpringBootContextLoader
13:25:26.515 [Test worker] DEBUG org.springframework.test.context.support.AbstractContextLoader - Did not detect default resource location for test class [com.cg.onlineadmissionsyst.servtes.CourseT]: class path resource [com/cg/onlineadmissionsyst/servtes/CourseT-context.xml] does not exist
13:25:26.515 [Test worker] DEBUG org.springframework.test.context.support.AbstractContextLoader - Did not detect default resource location for test class [com.cg.onlineadmissionsyst.servtes.CourseT]: class path resource [com/cg/onlineadmissionsyst/servtes/CourseTContext.groovy] does not exist
13:25:26.515 [Test worker] INFO org.springframework.test.context.support.AbstractContextLoader - Could not detect default resource locations for test class [com.cg.onlineadmissionsyst.servtes.CourseT]: no resource found for suffixes {-context.xml, Context.groovy}.
13:25:26.517 [Test worker] INFO org.springframework.test.context.support.AnnotationConfigContextLoaderUtils - Could not detect default configuration classes for test class [com.cg.onlineadmissionsyst.servtes.CourseT]: CourseT does not declare any static, non-private, non-final, nested classes annotated with @Configuration.
13:25:26.628 [Test worker] DEBUG org.springframework.test.context.support.ActiveProfilesUtils - Could not find an 'annotation declaring class' for annotation type [org.springframework.test.context.ActiveProfiles] and class [com.cg.onlineadmissionsyst.servtes.CourseT]
13:25:26.808 [Test worker] DEBUG org.springframework.context.annotation.ClassPathScanningCandidateComponentProvider - Identified candidate component class: file [C:\Users\madhu\git\OnlineAdmissionSystem\build\classes\java\main\com\cg\onlineadmissionsyst\OnlineadmissionsystApplication.class]
13:25:26.810 [Test worker] INFO org.springframework.boot.test.context.SpringBootTestContextBootstrapper - Found @SpringBootConfiguration com.cg.onlineadmissionsyst.OnlineadmissionsystApplication for test class com.cg.onlineadmissionsyst.servtes.CourseT
13:25:26.974 [Test worker] DEBUG org.springframework.boot.test.context.SpringBootTestContextBootstrapper - @TestExecutionListeners is not present for class [com.cg.onlineadmissionsyst.servtes.CourseT]: using defaults.
13:25:26.975 [Test worker] INFO org.springframework.boot.test.context.SpringBootTestContextBootstrapper - Loaded default TestExecutionListener class names from location [META-INF/spring.factories]: [org.springframework.boot.test.autoconfigure.restdocs.RestDocsTestExecutionListener, org.springframework.boot.test.autoconfigure.web.client.MockRestServiceServerResetTestExecutionListener, org.springframework.boot.test.autoconfigure.web.servlet.MockMvcPrintOnlyOnFailureTestExecutionListener, org.springframework.boot.test.autoconfigure.web.servlet.WebDriverTestExecutionListener, org.springframework.boot.test.autoconfigure.webservices.client.MockWebServiceServerTestExecutionListener, org.springframework.boot.test.mock.mockito.MockitoTestExecutionListener, org.springframework.boot.test.mock.mockito.ResetMocksTestExecutionListener, org.springframework.test.context.web.ServletTestExecutionListener, org.springframework.test.context.support.DirtiesContextBeforeModesTestExecutionListener, org.springframework.test.context.event.ApplicationEventsTestExecutionListener, org.springframework.test.context.support.DependencyInjectionTestExecutionListener, org.springframework.test.context.support.DirtiesContextTestExecutionListener, org.springframework.test.context.transaction.TransactionalTestExecutionListener, org.springframework.test.context.jdbc.SqlScriptsTestExecutionListener, org.springframework.test.context.event.EventPublishingTestExecutionListener]
13:25:27.004 [Test worker] INFO org.springframework.boot.test.context.SpringBootTestContextBootstrapper - Using TestExecutionListeners: [org.springframework.test.context.web.ServletTestExecutionListener@6d8e930e, org.springframework.test.context.support.DirtiesContextBeforeModesTestExecutionListener@7d8c2f08, org.springframework.test.context.event.ApplicationEventsTestExecutionListener@28f7c1, org.springframework.boot.test.mock.mockito.MockitoTestExecutionListener@abfa54c, org.springframework.boot.test.autoconfigure.SpringBootDependencyInjectionTestExecutionListener@133051f6, org.springframework.test.context.support.DirtiesContextTestExecutionListener@f58d8f7, org.springframework.test.context.transaction.TransactionalTestExecutionListener@4889b022, org.springframework.test.context.jdbc.SqlScriptsTestExecutionListener@3febe9ba, org.springframework.test.context.event.EventPublishingTestExecutionListener@2e45a050, org.springframework.boot.test.autoconfigure.restdocs.RestDocsTestExecutionListener@67134a0f, org.springframework.boot.test.autoconfigure.web.client.MockRestServiceServerResetTestExecutionListener@621eee6f, org.springframework.boot.test.autoconfigure.web.servlet.MockMvcPrintOnlyOnFailureTestExecutionListener@2587daf, org.springframework.boot.test.autoconfigure.web.servlet.WebDriverTestExecutionListener@19c0a94, org.springframework.boot.test.autoconfigure.webservices.client.MockWebServiceServerTestExecutionListener@7c227b9a, org.springframework.boot.test.mock.mockito.ResetMocksTestExecutionListener@69da9fe7]
13:25:27.010 [Test worker] DEBUG org.springframework.test.context.support.AbstractDirtiesContextTestExecutionListener - Before test class: context [DefaultTestContext@5d7b28ef testClass = CourseT, testInstance = [null], testMethod = [null], testException = [null], mergedContextConfiguration = [WebMergedContextConfiguration@45a66fe6 testClass = CourseT, locations = '{}', classes = '{class com.cg.onlineadmissionsyst.OnlineadmissionsystApplication}', contextInitializerClasses = '[]', activeProfiles = '{}', propertySourceLocations = '{}', propertySourceProperties = '{org.springframework.boot.test.context.SpringBootTestContextBootstrapper=true}', contextCustomizers = set[org.springframework.boot.test.autoconfigure.actuate.metrics.MetricsExportContextCustomizerFactory$DisableMetricExportContextCustomizer@6c6251a7, org.springframework.boot.test.autoconfigure.properties.PropertyMappingContextCustomizer@0, org.springframework.boot.test.autoconfigure.web.servlet.WebDriverContextCustomizerFactory$Customizer@465a9bfc, org.springframework.boot.test.context.filter.ExcludeFilterContextCustomizer@998507d, org.springframework.boot.test.json.DuplicateJsonObjectContextCustomizerFactory$DuplicateJsonObjectContextCustomizer@187d20b2, org.springframework.boot.test.mock.mockito.MockitoContextCustomizer@0, org.springframework.boot.test.web.client.TestRestTemplateContextCustomizer@6e64714f, org.springframework.boot.test.context.SpringBootTestArgs@1, org.springframework.boot.test.context.SpringBootTestWebEnvironment@4b8aee02], resourceBasePath = 'src/main/webapp', contextLoader = 'org.springframework.boot.test.context.SpringBootContextLoader', parent = [null]], attributes = map['org.springframework.test.context.web.ServletTestExecutionListener.activateListener' -> true]], class annotated with @DirtiesContext [false] with mode [null].
13:25:27.053 [Test worker] DEBUG org.springframework.test.context.support.TestPropertySourceUtils - Adding inlined properties to environment: {spring.jmx.enabled=false, org.springframework.boot.test.context.SpringBootTestContextBootstrapper=true}

  .   ____          _            __ _ _
 /\\ / ___'_ __ _ _(_)_ __  __ _ \ \ \ \
( ( )\___ | '_ | '_| | '_ \/ _` | \ \ \ \
 \\/  ___)| |_)| | | | | || (_| |  ) ) ) )
  '  |____| .__|_| |_|_| |_\__, | / / / /
 =========|_|==============|___/=/_/_/_/
 :: Spring Boot ::                (v2.4.5)

2021-05-17 13:25:27.396  INFO 25936 --- [    Test worker] c.c.onlineadmissionsyst.servtes.CourseT  : Starting CourseT using Java 1.8.0_281 on LAPTOP-F30D8FKO with PID 25936 (started by madhu in C:\Users\madhu\git\OnlineAdmissionSystem)
2021-05-17 13:25:27.399  INFO 25936 --- [    Test worker] c.c.onlineadmissionsyst.servtes.CourseT  : No active profile set, falling back to default profiles: default
2021-05-17 13:25:29.108  INFO 25936 --- [    Test worker] .s.d.r.c.RepositoryConfigurationDelegate : Bootstrapping Spring Data JPA repositories in DEFAULT mode.
2021-05-17 13:25:29.247  INFO 25936 --- [    Test worker] .s.d.r.c.RepositoryConfigurationDelegate : Finished Spring Data repository scanning in 125 ms. Found 11 JPA repository interfaces.
2021-05-17 13:25:30.149  INFO 25936 --- [    Test worker] o.hibernate.jpa.internal.util.LogHelper  : HHH000204: Processing PersistenceUnitInfo [name: default]
2021-05-17 13:25:30.223  INFO 25936 --- [    Test worker] org.hibernate.Version                    : HHH000412: Hibernate ORM core version 5.4.30.Final
2021-05-17 13:25:30.392  INFO 25936 --- [    Test worker] o.hibernate.annotations.common.Version   : HCANN000001: Hibernate Commons Annotations {5.1.2.Final}
2021-05-17 13:25:30.543  INFO 25936 --- [    Test worker] com.zaxxer.hikari.HikariDataSource       : HikariPool-1 - Starting...
2021-05-17 13:25:31.020  INFO 25936 --- [    Test worker] com.zaxxer.hikari.HikariDataSource       : HikariPool-1 - Start completed.
2021-05-17 13:25:31.053  INFO 25936 --- [    Test worker] org.hibernate.dialect.Dialect            : HHH000400: Using dialect: org.hibernate.dialect.PostgreSQLDialect
2021-05-17 13:25:33.223  INFO 25936 --- [    Test worker] o.h.e.t.j.p.i.JtaPlatformInitiator       : HHH000490: Using JtaPlatform implementation: [org.hibernate.engine.transaction.jta.platform.internal.NoJtaPlatform]
2021-05-17 13:25:33.237  INFO 25936 --- [    Test worker] j.LocalContainerEntityManagerFactoryBean : Initialized JPA EntityManagerFactory for persistence unit 'default'
2021-05-17 13:25:35.569  WARN 25936 --- [    Test worker] JpaBaseConfiguration$JpaWebConfiguration : spring.jpa.open-in-view is enabled by default. Therefore, database queries may be performed during view rendering. Explicitly configure spring.jpa.open-in-view to disable this warning
2021-05-17 13:25:36.930  INFO 25936 --- [    Test worker] o.s.b.a.e.web.EndpointLinksResolver      : Exposing 2 endpoint(s) beneath base path '/actuator'
2021-05-17 13:25:37.844  INFO 25936 --- [    Test worker] o.s.s.concurrent.ThreadPoolTaskExecutor  : Initializing ExecutorService 'applicationTaskExecutor'
2021-05-17 13:25:41.014  INFO 25936 --- [    Test worker] c.c.onlineadmissionsyst.servtes.CourseT  : Started CourseT in 13.945 seconds (JVM running for 16.31)
Course [courseId=2, courseName=BSC, description=Bachelor Of Science, eligibility=UG, branch=[Branch [branchId=109, branchName=BOT, branchDescription=Botany], Branch [branchId=108, branchName=MAT, branchDescription=Mathematics]]]
Course [courseId=1, courseName=BE, description=Bachelor Of Engineering, eligibility=UG, branch=[Branch [branchId=101, branchName=EEE, branchDescription=Electrical And Electronics Engineering], Branch [branchId=103, branchName=CIVIL, branchDescription=Civil Engineering], Branch [branchId=104, branchName=MECH, branchDescription=Mechanical Engineering]]]
Course [courseId=2, courseName=BSC, description=Bachelor Of Science, eligibility=UG, branch=[Branch [branchId=109, branchName=BOT, branchDescription=Botany], Branch [branchId=108, branchName=MAT, branchDescription=Mathematics]]]
Course [courseId=1, courseName=BE, description=Bachelor Of Engineering, eligibility=UG, branch=[Branch [branchId=101, branchName=EEE, branchDescription=Electrical And Electronics Engineering], Branch [branchId=103, branchName=CIVIL, branchDescription=Civil Engineering], Branch [branchId=104, branchName=MECH, branchDescription=Mechanical Engineering]]]
]]></system-out>
  <system-err><![CDATA[]]></system-err>
</testsuite>
