<?xml version="1.0" encoding="UTF-8"?>
<testsuite name="com.cg.onlineadmissionsyst.servtes.ProgramMockitoTest" tests="8" skipped="0" failures="0" errors="0" timestamp="2021-05-17T07:55:42" hostname="LAPTOP-F30D8FKO" time="0.034">
  <properties/>
  <testcase name="testgetProgramDetailsByName()" classname="com.cg.onlineadmissionsyst.servtes.ProgramMockitoTest" time="0.004"/>
  <testcase name="testviewProgramDetails()" classname="com.cg.onlineadmissionsyst.servtes.ProgramMockitoTest" time="0.003"/>
  <testcase name="testDeleteApplicationById()" classname="com.cg.onlineadmissionsyst.servtes.ProgramMockitoTest" time="0.004"/>
  <testcase name="testgetProgramDetailsByEligibility()" classname="com.cg.onlineadmissionsyst.servtes.ProgramMockitoTest" time="0.003"/>
  <testcase name="testgetProgramById()" classname="com.cg.onlineadmissionsyst.servtes.ProgramMockitoTest" time="0.003"/>
  <testcase name="testAddProgram()" classname="com.cg.onlineadmissionsyst.servtes.ProgramMockitoTest" time="0.003"/>
  <testcase name="testdeleteProgramByName()" classname="com.cg.onlineadmissionsyst.servtes.ProgramMockitoTest" time="0.003"/>
  <testcase name="testupdateProgramStatus()" classname="com.cg.onlineadmissionsyst.servtes.ProgramMockitoTest" time="0.003"/>
  <system-out><![CDATA[2021-05-17 13:25:42.437  INFO 25936 --- [    Test worker] o.s.t.c.s.DefaultTestContextBootstrapper : Neither @ContextConfiguration nor @ContextHierarchy found for test class [com.cg.onlineadmissionsyst.servtes.ProgramMockitoTest], using DelegatingSmartContextLoader
2021-05-17 13:25:42.438  INFO 25936 --- [    Test worker] o.s.t.c.support.AbstractContextLoader    : Could not detect default resource locations for test class [com.cg.onlineadmissionsyst.servtes.ProgramMockitoTest]: no resource found for suffixes {-context.xml}.
2021-05-17 13:25:42.438  INFO 25936 --- [    Test worker] t.c.s.AnnotationConfigContextLoaderUtils : Could not detect default configuration classes for test class [com.cg.onlineadmissionsyst.servtes.ProgramMockitoTest]: ProgramMockitoTest does not declare any static, non-private, non-final, nested classes annotated with @Configuration.
2021-05-17 13:25:42.442  INFO 25936 --- [    Test worker] o.s.t.c.s.DefaultTestContextBootstrapper : Loaded default TestExecutionListener class names from location [META-INF/spring.factories]: [org.springframework.boot.test.autoconfigure.restdocs.RestDocsTestExecutionListener, org.springframework.boot.test.autoconfigure.web.client.MockRestServiceServerResetTestExecutionListener, org.springframework.boot.test.autoconfigure.web.servlet.MockMvcPrintOnlyOnFailureTestExecutionListener, org.springframework.boot.test.autoconfigure.web.servlet.WebDriverTestExecutionListener, org.springframework.boot.test.autoconfigure.webservices.client.MockWebServiceServerTestExecutionListener, org.springframework.boot.test.mock.mockito.MockitoTestExecutionListener, org.springframework.boot.test.mock.mockito.ResetMocksTestExecutionListener, org.springframework.test.context.web.ServletTestExecutionListener, org.springframework.test.context.support.DirtiesContextBeforeModesTestExecutionListener, org.springframework.test.context.event.ApplicationEventsTestExecutionListener, org.springframework.test.context.support.DependencyInjectionTestExecutionListener, org.springframework.test.context.support.DirtiesContextTestExecutionListener, org.springframework.test.context.transaction.TransactionalTestExecutionListener, org.springframework.test.context.jdbc.SqlScriptsTestExecutionListener, org.springframework.test.context.event.EventPublishingTestExecutionListener]
2021-05-17 13:25:42.445  INFO 25936 --- [    Test worker] o.s.t.c.s.DefaultTestContextBootstrapper : Using TestExecutionListeners: [org.springframework.test.context.web.ServletTestExecutionListener@16a7f882, org.springframework.test.context.support.DirtiesContextBeforeModesTestExecutionListener@546eb524, org.springframework.test.context.event.ApplicationEventsTestExecutionListener@72ca4cc7, org.springframework.boot.test.mock.mockito.MockitoTestExecutionListener@69f33ce1, org.springframework.test.context.support.DependencyInjectionTestExecutionListener@4039bab5, org.springframework.test.context.support.DirtiesContextTestExecutionListener@61dff003, org.springframework.test.context.transaction.TransactionalTestExecutionListener@4153348b, org.springframework.test.context.jdbc.SqlScriptsTestExecutionListener@31b70c74, org.springframework.test.context.event.EventPublishingTestExecutionListener@3c56f4e5, org.springframework.boot.test.autoconfigure.restdocs.RestDocsTestExecutionListener@22174484, org.springframework.boot.test.autoconfigure.web.client.MockRestServiceServerResetTestExecutionListener@7ab8db21, org.springframework.boot.test.autoconfigure.web.servlet.MockMvcPrintOnlyOnFailureTestExecutionListener@73e5acae, org.springframework.boot.test.autoconfigure.web.servlet.WebDriverTestExecutionListener@789f9feb, org.springframework.boot.test.autoconfigure.webservices.client.MockWebServiceServerTestExecutionListener@6034c718, org.springframework.boot.test.mock.mockito.ResetMocksTestExecutionListener@5ce969ec]
]]></system-out>
  <system-err><![CDATA[]]></system-err>
</testsuite>
