<?xml version="1.0" encoding="UTF-8"?>
<testsuite name="com.cg.onlineadmissionsyst.servtes.ProgramScheduledTest" tests="6" skipped="6" failures="0" errors="0" timestamp="2021-05-17T07:55:42" hostname="LAPTOP-F30D8FKO" time="0.004">
  <properties/>
  <testcase name="testdeleteProgramScheduleById()" classname="com.cg.onlineadmissionsyst.servtes.ProgramScheduledTest" time="0.001">
    <skipped/>
  </testcase>
  <testcase name="testgetProgramScheduleById()" classname="com.cg.onlineadmissionsyst.servtes.ProgramScheduledTest" time="0.0">
    <skipped/>
  </testcase>
  <testcase name="testupdateProgramSchedule()" classname="com.cg.onlineadmissionsyst.servtes.ProgramScheduledTest" time="0.0">
    <skipped/>
  </testcase>
  <testcase name="testgetProgramScheduleByStartDate()" classname="com.cg.onlineadmissionsyst.servtes.ProgramScheduledTest" time="0.0">
    <skipped/>
  </testcase>
  <testcase name="testaddProgramSchedule()" classname="com.cg.onlineadmissionsyst.servtes.ProgramScheduledTest" time="0.0">
    <skipped/>
  </testcase>
  <testcase name="testviewAllProgramScheduleDetails()" classname="com.cg.onlineadmissionsyst.servtes.ProgramScheduledTest" time="0.0">
    <skipped/>
  </testcase>
  <system-out><![CDATA[2021-05-17 13:25:42.587  INFO 25936 --- [    Test worker] .b.t.c.SpringBootTestContextBootstrapper : Neither @ContextConfiguration nor @ContextHierarchy found for test class [com.cg.onlineadmissionsyst.servtes.ProgramScheduledTest], using SpringBootContextLoader
2021-05-17 13:25:42.588  INFO 25936 --- [    Test worker] o.s.t.c.support.AbstractContextLoader    : Could not detect default resource locations for test class [com.cg.onlineadmissionsyst.servtes.ProgramScheduledTest]: no resource found for suffixes {-context.xml, Context.groovy}.
2021-05-17 13:25:42.588  INFO 25936 --- [    Test worker] t.c.s.AnnotationConfigContextLoaderUtils : Could not detect default configuration classes for test class [com.cg.onlineadmissionsyst.servtes.ProgramScheduledTest]: ProgramScheduledTest does not declare any static, non-private, non-final, nested classes annotated with @Configuration.
2021-05-17 13:25:42.590  INFO 25936 --- [    Test worker] .b.t.c.SpringBootTestContextBootstrapper : Found @SpringBootConfiguration com.cg.onlineadmissionsyst.OnlineadmissionsystApplication for test class com.cg.onlineadmissionsyst.servtes.ProgramScheduledTest
2021-05-17 13:25:42.592  INFO 25936 --- [    Test worker] .b.t.c.SpringBootTestContextBootstrapper : Loaded default TestExecutionListener class names from location [META-INF/spring.factories]: [org.springframework.boot.test.autoconfigure.restdocs.RestDocsTestExecutionListener, org.springframework.boot.test.autoconfigure.web.client.MockRestServiceServerResetTestExecutionListener, org.springframework.boot.test.autoconfigure.web.servlet.MockMvcPrintOnlyOnFailureTestExecutionListener, org.springframework.boot.test.autoconfigure.web.servlet.WebDriverTestExecutionListener, org.springframework.boot.test.autoconfigure.webservices.client.MockWebServiceServerTestExecutionListener, org.springframework.boot.test.mock.mockito.MockitoTestExecutionListener, org.springframework.boot.test.mock.mockito.ResetMocksTestExecutionListener, org.springframework.test.context.web.ServletTestExecutionListener, org.springframework.test.context.support.DirtiesContextBeforeModesTestExecutionListener, org.springframework.test.context.event.ApplicationEventsTestExecutionListener, org.springframework.test.context.support.DependencyInjectionTestExecutionListener, org.springframework.test.context.support.DirtiesContextTestExecutionListener, org.springframework.test.context.transaction.TransactionalTestExecutionListener, org.springframework.test.context.jdbc.SqlScriptsTestExecutionListener, org.springframework.test.context.event.EventPublishingTestExecutionListener]
2021-05-17 13:25:42.593  INFO 25936 --- [    Test worker] .b.t.c.SpringBootTestContextBootstrapper : Using TestExecutionListeners: [org.springframework.test.context.web.ServletTestExecutionListener@21d7fe1b, org.springframework.test.context.support.DirtiesContextBeforeModesTestExecutionListener@41fa5516, org.springframework.test.context.event.ApplicationEventsTestExecutionListener@723070e2, org.springframework.boot.test.mock.mockito.MockitoTestExecutionListener@60859b7d, org.springframework.boot.test.autoconfigure.SpringBootDependencyInjectionTestExecutionListener@7ebc8650, org.springframework.test.context.support.DirtiesContextTestExecutionListener@6d7d2e74, org.springframework.test.context.transaction.TransactionalTestExecutionListener@1cbbf459, org.springframework.test.context.jdbc.SqlScriptsTestExecutionListener@5029dac0, org.springframework.test.context.event.EventPublishingTestExecutionListener@4abd4893, org.springframework.boot.test.autoconfigure.restdocs.RestDocsTestExecutionListener@4e37d13e, org.springframework.boot.test.autoconfigure.web.client.MockRestServiceServerResetTestExecutionListener@dedfd9d, org.springframework.boot.test.autoconfigure.web.servlet.MockMvcPrintOnlyOnFailureTestExecutionListener@138cc93a, org.springframework.boot.test.autoconfigure.web.servlet.WebDriverTestExecutionListener@3355e208, org.springframework.boot.test.autoconfigure.webservices.client.MockWebServiceServerTestExecutionListener@431b7b7d, org.springframework.boot.test.mock.mockito.ResetMocksTestExecutionListener@21f87796]
]]></system-out>
  <system-err><![CDATA[]]></system-err>
</testsuite>
