<?xml version="1.0" encoding="UTF-8"?>
<testsuite name="com.cg.onlineadmissionsyst.servtes.AddressMockito" tests="4" skipped="4" failures="0" errors="0" timestamp="2021-05-17T07:55:41" hostname="LAPTOP-F30D8FKO" time="0.01">
  <properties/>
  <testcase name="getAddressById()" classname="com.cg.onlineadmissionsyst.servtes.AddressMockito" time="0.001">
    <skipped/>
  </testcase>
  <testcase name="testAdd()" classname="com.cg.onlineadmissionsyst.servtes.AddressMockito" time="0.0">
    <skipped/>
  </testcase>
  <testcase name="DeleteApplicationByIdTest()" classname="com.cg.onlineadmissionsyst.servtes.AddressMockito" time="0.0">
    <skipped/>
  </testcase>
  <testcase name="updateAddress()" classname="com.cg.onlineadmissionsyst.servtes.AddressMockito" time="0.001">
    <skipped/>
  </testcase>
  <system-out><![CDATA[2021-05-17 13:25:41.504  INFO 25936 --- [    Test worker] o.s.t.c.s.DefaultTestContextBootstrapper : Neither @ContextConfiguration nor @ContextHierarchy found for test class [com.cg.onlineadmissionsyst.servtes.AddressMockito], using DelegatingSmartContextLoader
2021-05-17 13:25:41.506  INFO 25936 --- [    Test worker] o.s.t.c.support.AbstractContextLoader    : Could not detect default resource locations for test class [com.cg.onlineadmissionsyst.servtes.AddressMockito]: no resource found for suffixes {-context.xml}.
2021-05-17 13:25:41.507  INFO 25936 --- [    Test worker] t.c.s.AnnotationConfigContextLoaderUtils : Could not detect default configuration classes for test class [com.cg.onlineadmissionsyst.servtes.AddressMockito]: AddressMockito does not declare any static, non-private, non-final, nested classes annotated with @Configuration.
2021-05-17 13:25:41.512  INFO 25936 --- [    Test worker] o.s.t.c.s.DefaultTestContextBootstrapper : Loaded default TestExecutionListener class names from location [META-INF/spring.factories]: [org.springframework.boot.test.autoconfigure.restdocs.RestDocsTestExecutionListener, org.springframework.boot.test.autoconfigure.web.client.MockRestServiceServerResetTestExecutionListener, org.springframework.boot.test.autoconfigure.web.servlet.MockMvcPrintOnlyOnFailureTestExecutionListener, org.springframework.boot.test.autoconfigure.web.servlet.WebDriverTestExecutionListener, org.springframework.boot.test.autoconfigure.webservices.client.MockWebServiceServerTestExecutionListener, org.springframework.boot.test.mock.mockito.MockitoTestExecutionListener, org.springframework.boot.test.mock.mockito.ResetMocksTestExecutionListener, org.springframework.test.context.web.ServletTestExecutionListener, org.springframework.test.context.support.DirtiesContextBeforeModesTestExecutionListener, org.springframework.test.context.event.ApplicationEventsTestExecutionListener, org.springframework.test.context.support.DependencyInjectionTestExecutionListener, org.springframework.test.context.support.DirtiesContextTestExecutionListener, org.springframework.test.context.transaction.TransactionalTestExecutionListener, org.springframework.test.context.jdbc.SqlScriptsTestExecutionListener, org.springframework.test.context.event.EventPublishingTestExecutionListener]
2021-05-17 13:25:41.513  INFO 25936 --- [    Test worker] o.s.t.c.s.DefaultTestContextBootstrapper : Using TestExecutionListeners: [org.springframework.test.context.web.ServletTestExecutionListener@45fb9157, org.springframework.test.context.support.DirtiesContextBeforeModesTestExecutionListener@3f840213, org.springframework.test.context.event.ApplicationEventsTestExecutionListener@6f544ba5, org.springframework.boot.test.mock.mockito.MockitoTestExecutionListener@3d32b751, org.springframework.test.context.support.DependencyInjectionTestExecutionListener@245ae889, org.springframework.test.context.support.DirtiesContextTestExecutionListener@3bd1e28b, org.springframework.test.context.transaction.TransactionalTestExecutionListener@76158f37, org.springframework.test.context.jdbc.SqlScriptsTestExecutionListener@5e35269b, org.springframework.test.context.event.EventPublishingTestExecutionListener@2dd89374, org.springframework.boot.test.autoconfigure.restdocs.RestDocsTestExecutionListener@19a9f9fe, org.springframework.boot.test.autoconfigure.web.client.MockRestServiceServerResetTestExecutionListener@439fa1cb, org.springframework.boot.test.autoconfigure.web.servlet.MockMvcPrintOnlyOnFailureTestExecutionListener@346956dd, org.springframework.boot.test.autoconfigure.web.servlet.WebDriverTestExecutionListener@5d433017, org.springframework.boot.test.autoconfigure.webservices.client.MockWebServiceServerTestExecutionListener@b734448, org.springframework.boot.test.mock.mockito.ResetMocksTestExecutionListener@355c3d14]
]]></system-out>
  <system-err><![CDATA[]]></system-err>
</testsuite>
