<?xml version="1.0" encoding="UTF-8"?>
<testsuite name="com.cg.onlineadmissionsyst.servtes.UniversityMockito" tests="5" skipped="0" failures="0" errors="0" timestamp="2021-05-17T07:55:42" hostname="LAPTOP-F30D8FKO" time="0.03">
  <properties/>
  <testcase name="getByIdTest()" classname="com.cg.onlineadmissionsyst.servtes.UniversityMockito" time="0.005"/>
  <testcase name="updateTest()" classname="com.cg.onlineadmissionsyst.servtes.UniversityMockito" time="0.004"/>
  <testcase name="viewTest()" classname="com.cg.onlineadmissionsyst.servtes.UniversityMockito" time="0.004"/>
  <testcase name="createTest()" classname="com.cg.onlineadmissionsyst.servtes.UniversityMockito" time="0.004"/>
  <testcase name="deleteTest()" classname="com.cg.onlineadmissionsyst.servtes.UniversityMockito" time="0.005"/>
  <system-out><![CDATA[2021-05-17 13:25:42.618  INFO 25936 --- [    Test worker] o.s.t.c.s.DefaultTestContextBootstrapper : Neither @ContextConfiguration nor @ContextHierarchy found for test class [com.cg.onlineadmissionsyst.servtes.UniversityMockito], using DelegatingSmartContextLoader
2021-05-17 13:25:42.619  INFO 25936 --- [    Test worker] o.s.t.c.support.AbstractContextLoader    : Could not detect default resource locations for test class [com.cg.onlineadmissionsyst.servtes.UniversityMockito]: no resource found for suffixes {-context.xml}.
2021-05-17 13:25:42.619  INFO 25936 --- [    Test worker] t.c.s.AnnotationConfigContextLoaderUtils : Could not detect default configuration classes for test class [com.cg.onlineadmissionsyst.servtes.UniversityMockito]: UniversityMockito does not declare any static, non-private, non-final, nested classes annotated with @Configuration.
2021-05-17 13:25:42.620  INFO 25936 --- [    Test worker] o.s.t.c.s.DefaultTestContextBootstrapper : Loaded default TestExecutionListener class names from location [META-INF/spring.factories]: [org.springframework.boot.test.autoconfigure.restdocs.RestDocsTestExecutionListener, org.springframework.boot.test.autoconfigure.web.client.MockRestServiceServerResetTestExecutionListener, org.springframework.boot.test.autoconfigure.web.servlet.MockMvcPrintOnlyOnFailureTestExecutionListener, org.springframework.boot.test.autoconfigure.web.servlet.WebDriverTestExecutionListener, org.springframework.boot.test.autoconfigure.webservices.client.MockWebServiceServerTestExecutionListener, org.springframework.boot.test.mock.mockito.MockitoTestExecutionListener, org.springframework.boot.test.mock.mockito.ResetMocksTestExecutionListener, org.springframework.test.context.web.ServletTestExecutionListener, org.springframework.test.context.support.DirtiesContextBeforeModesTestExecutionListener, org.springframework.test.context.event.ApplicationEventsTestExecutionListener, org.springframework.test.context.support.DependencyInjectionTestExecutionListener, org.springframework.test.context.support.DirtiesContextTestExecutionListener, org.springframework.test.context.transaction.TransactionalTestExecutionListener, org.springframework.test.context.jdbc.SqlScriptsTestExecutionListener, org.springframework.test.context.event.EventPublishingTestExecutionListener]
2021-05-17 13:25:42.620  INFO 25936 --- [    Test worker] o.s.t.c.s.DefaultTestContextBootstrapper : Using TestExecutionListeners: [org.springframework.test.context.web.ServletTestExecutionListener@7ac11df8, org.springframework.test.context.support.DirtiesContextBeforeModesTestExecutionListener@4832d441, org.springframework.test.context.event.ApplicationEventsTestExecutionListener@56c64cbc, org.springframework.boot.test.mock.mockito.MockitoTestExecutionListener@5db5206e, org.springframework.test.context.support.DependencyInjectionTestExecutionListener@2fe9d8fd, org.springframework.test.context.support.DirtiesContextTestExecutionListener@71a7919d, org.springframework.test.context.transaction.TransactionalTestExecutionListener@156080b9, org.springframework.test.context.jdbc.SqlScriptsTestExecutionListener@6122742b, org.springframework.test.context.event.EventPublishingTestExecutionListener@6d66c2, org.springframework.boot.test.autoconfigure.restdocs.RestDocsTestExecutionListener@4d8b342b, org.springframework.boot.test.autoconfigure.web.client.MockRestServiceServerResetTestExecutionListener@5c7f006b, org.springframework.boot.test.autoconfigure.web.servlet.MockMvcPrintOnlyOnFailureTestExecutionListener@2e8ea4e3, org.springframework.boot.test.autoconfigure.web.servlet.WebDriverTestExecutionListener@45be8c86, org.springframework.boot.test.autoconfigure.webservices.client.MockWebServiceServerTestExecutionListener@5100c276, org.springframework.boot.test.mock.mockito.ResetMocksTestExecutionListener@75d8fc65]
]]></system-out>
  <system-err><![CDATA[]]></system-err>
</testsuite>
