<?xml version="1.0" encoding="UTF-8"?>
<testsuite name="com.cg.onlineadmissionsyst.servtes.ApplicationMockitoTest" tests="8" skipped="0" failures="0" errors="0" timestamp="2021-05-17T07:55:41" hostname="LAPTOP-F30D8FKO" time="0.042">
  <properties/>
  <testcase name="testDeleteApplicationById()" classname="com.cg.onlineadmissionsyst.servtes.ApplicationMockitoTest" time="0.006"/>
  <testcase name="testDeleteApplicationByEmailIdId()" classname="com.cg.onlineadmissionsyst.servtes.ApplicationMockitoTest" time="0.005"/>
  <testcase name="testviewAllApplicationDetails()" classname="com.cg.onlineadmissionsyst.servtes.ApplicationMockitoTest" time="0.003"/>
  <testcase name="testUpdateApplicationStatus()" classname="com.cg.onlineadmissionsyst.servtes.ApplicationMockitoTest" time="0.004"/>
  <testcase name="testGetApplicationById()" classname="com.cg.onlineadmissionsyst.servtes.ApplicationMockitoTest" time="0.003"/>
  <testcase name="testAddApplication()" classname="com.cg.onlineadmissionsyst.servtes.ApplicationMockitoTest" time="0.003"/>
  <testcase name="testFindByEmailId()" classname="com.cg.onlineadmissionsyst.servtes.ApplicationMockitoTest" time="0.004"/>
  <testcase name="testFindByApplicationStatus()" classname="com.cg.onlineadmissionsyst.servtes.ApplicationMockitoTest" time="0.004"/>
  <system-out><![CDATA[2021-05-17 13:25:41.873  INFO 25936 --- [    Test worker] o.s.t.c.s.DefaultTestContextBootstrapper : Neither @ContextConfiguration nor @ContextHierarchy found for test class [com.cg.onlineadmissionsyst.servtes.ApplicationMockitoTest], using DelegatingSmartContextLoader
2021-05-17 13:25:41.874  INFO 25936 --- [    Test worker] o.s.t.c.support.AbstractContextLoader    : Could not detect default resource locations for test class [com.cg.onlineadmissionsyst.servtes.ApplicationMockitoTest]: no resource found for suffixes {-context.xml}.
2021-05-17 13:25:41.874  INFO 25936 --- [    Test worker] t.c.s.AnnotationConfigContextLoaderUtils : Could not detect default configuration classes for test class [com.cg.onlineadmissionsyst.servtes.ApplicationMockitoTest]: ApplicationMockitoTest does not declare any static, non-private, non-final, nested classes annotated with @Configuration.
2021-05-17 13:25:41.875  INFO 25936 --- [    Test worker] o.s.t.c.s.DefaultTestContextBootstrapper : Loaded default TestExecutionListener class names from location [META-INF/spring.factories]: [org.springframework.boot.test.autoconfigure.restdocs.RestDocsTestExecutionListener, org.springframework.boot.test.autoconfigure.web.client.MockRestServiceServerResetTestExecutionListener, org.springframework.boot.test.autoconfigure.web.servlet.MockMvcPrintOnlyOnFailureTestExecutionListener, org.springframework.boot.test.autoconfigure.web.servlet.WebDriverTestExecutionListener, org.springframework.boot.test.autoconfigure.webservices.client.MockWebServiceServerTestExecutionListener, org.springframework.boot.test.mock.mockito.MockitoTestExecutionListener, org.springframework.boot.test.mock.mockito.ResetMocksTestExecutionListener, org.springframework.test.context.web.ServletTestExecutionListener, org.springframework.test.context.support.DirtiesContextBeforeModesTestExecutionListener, org.springframework.test.context.event.ApplicationEventsTestExecutionListener, org.springframework.test.context.support.DependencyInjectionTestExecutionListener, org.springframework.test.context.support.DirtiesContextTestExecutionListener, org.springframework.test.context.transaction.TransactionalTestExecutionListener, org.springframework.test.context.jdbc.SqlScriptsTestExecutionListener, org.springframework.test.context.event.EventPublishingTestExecutionListener]
2021-05-17 13:25:41.876  INFO 25936 --- [    Test worker] o.s.t.c.s.DefaultTestContextBootstrapper : Using TestExecutionListeners: [org.springframework.test.context.web.ServletTestExecutionListener@3a80dbe1, org.springframework.test.context.support.DirtiesContextBeforeModesTestExecutionListener@12fad809, org.springframework.test.context.event.ApplicationEventsTestExecutionListener@6f155678, org.springframework.boot.test.mock.mockito.MockitoTestExecutionListener@2154bfda, org.springframework.test.context.support.DependencyInjectionTestExecutionListener@1d3727c2, org.springframework.test.context.support.DirtiesContextTestExecutionListener@59c99efd, org.springframework.test.context.transaction.TransactionalTestExecutionListener@1c2aa52a, org.springframework.test.context.jdbc.SqlScriptsTestExecutionListener@1884631a, org.springframework.test.context.event.EventPublishingTestExecutionListener@3ca95eff, org.springframework.boot.test.autoconfigure.restdocs.RestDocsTestExecutionListener@298211e1, org.springframework.boot.test.autoconfigure.web.client.MockRestServiceServerResetTestExecutionListener@60c8e20e, org.springframework.boot.test.autoconfigure.web.servlet.MockMvcPrintOnlyOnFailureTestExecutionListener@5b6fc1be, org.springframework.boot.test.autoconfigure.web.servlet.WebDriverTestExecutionListener@2d47328a, org.springframework.boot.test.autoconfigure.webservices.client.MockWebServiceServerTestExecutionListener@147323da, org.springframework.boot.test.mock.mockito.ResetMocksTestExecutionListener@338c6bc8]
]]></system-out>
  <system-err><![CDATA[]]></system-err>
</testsuite>
