<?xml version="1.0" encoding="UTF-8"?>
<testsuite name="com.cg.onlineadmissionsyst.servtes.BranchMockito" tests="7" skipped="0" failures="0" errors="0" timestamp="2021-05-17T07:55:42" hostname="LAPTOP-F30D8FKO" time="0.041">
  <properties/>
  <testcase name="deleteByNameTest()" classname="com.cg.onlineadmissionsyst.servtes.BranchMockito" time="0.003"/>
  <testcase name="getByIdTest()" classname="com.cg.onlineadmissionsyst.servtes.BranchMockito" time="0.004"/>
  <testcase name="updateTest()" classname="com.cg.onlineadmissionsyst.servtes.BranchMockito" time="0.004"/>
  <testcase name="getByNameTest()" classname="com.cg.onlineadmissionsyst.servtes.BranchMockito" time="0.005"/>
  <testcase name="viewTest()" classname="com.cg.onlineadmissionsyst.servtes.BranchMockito" time="0.005"/>
  <testcase name="createTest()" classname="com.cg.onlineadmissionsyst.servtes.BranchMockito" time="0.005"/>
  <testcase name="deleteTest()" classname="com.cg.onlineadmissionsyst.servtes.BranchMockito" time="0.006"/>
  <system-out><![CDATA[2021-05-17 13:25:42.001  INFO 25936 --- [    Test worker] o.s.t.c.s.DefaultTestContextBootstrapper : Neither @ContextConfiguration nor @ContextHierarchy found for test class [com.cg.onlineadmissionsyst.servtes.BranchMockito], using DelegatingSmartContextLoader
2021-05-17 13:25:42.002  INFO 25936 --- [    Test worker] o.s.t.c.support.AbstractContextLoader    : Could not detect default resource locations for test class [com.cg.onlineadmissionsyst.servtes.BranchMockito]: no resource found for suffixes {-context.xml}.
2021-05-17 13:25:42.002  INFO 25936 --- [    Test worker] t.c.s.AnnotationConfigContextLoaderUtils : Could not detect default configuration classes for test class [com.cg.onlineadmissionsyst.servtes.BranchMockito]: BranchMockito does not declare any static, non-private, non-final, nested classes annotated with @Configuration.
2021-05-17 13:25:42.003  INFO 25936 --- [    Test worker] o.s.t.c.s.DefaultTestContextBootstrapper : Loaded default TestExecutionListener class names from location [META-INF/spring.factories]: [org.springframework.boot.test.autoconfigure.restdocs.RestDocsTestExecutionListener, org.springframework.boot.test.autoconfigure.web.client.MockRestServiceServerResetTestExecutionListener, org.springframework.boot.test.autoconfigure.web.servlet.MockMvcPrintOnlyOnFailureTestExecutionListener, org.springframework.boot.test.autoconfigure.web.servlet.WebDriverTestExecutionListener, org.springframework.boot.test.autoconfigure.webservices.client.MockWebServiceServerTestExecutionListener, org.springframework.boot.test.mock.mockito.MockitoTestExecutionListener, org.springframework.boot.test.mock.mockito.ResetMocksTestExecutionListener, org.springframework.test.context.web.ServletTestExecutionListener, org.springframework.test.context.support.DirtiesContextBeforeModesTestExecutionListener, org.springframework.test.context.event.ApplicationEventsTestExecutionListener, org.springframework.test.context.support.DependencyInjectionTestExecutionListener, org.springframework.test.context.support.DirtiesContextTestExecutionListener, org.springframework.test.context.transaction.TransactionalTestExecutionListener, org.springframework.test.context.jdbc.SqlScriptsTestExecutionListener, org.springframework.test.context.event.EventPublishingTestExecutionListener]
2021-05-17 13:25:42.004  INFO 25936 --- [    Test worker] o.s.t.c.s.DefaultTestContextBootstrapper : Using TestExecutionListeners: [org.springframework.test.context.web.ServletTestExecutionListener@3834cfba, org.springframework.test.context.support.DirtiesContextBeforeModesTestExecutionListener@6c5377dd, org.springframework.test.context.event.ApplicationEventsTestExecutionListener@36d37b69, org.springframework.boot.test.mock.mockito.MockitoTestExecutionListener@226b1596, org.springframework.test.context.support.DependencyInjectionTestExecutionListener@3c3c477e, org.springframework.test.context.support.DirtiesContextTestExecutionListener@4ba632bb, org.springframework.test.context.transaction.TransactionalTestExecutionListener@66830095, org.springframework.test.context.jdbc.SqlScriptsTestExecutionListener@1c3e6e76, org.springframework.test.context.event.EventPublishingTestExecutionListener@42e7dd38, org.springframework.boot.test.autoconfigure.restdocs.RestDocsTestExecutionListener@38ae1c35, org.springframework.boot.test.autoconfigure.web.client.MockRestServiceServerResetTestExecutionListener@4657241d, org.springframework.boot.test.autoconfigure.web.servlet.MockMvcPrintOnlyOnFailureTestExecutionListener@29f5af7f, org.springframework.boot.test.autoconfigure.web.servlet.WebDriverTestExecutionListener@5507b964, org.springframework.boot.test.autoconfigure.webservices.client.MockWebServiceServerTestExecutionListener@1d805845, org.springframework.boot.test.mock.mockito.ResetMocksTestExecutionListener@6288e024]
]]></system-out>
  <system-err><![CDATA[]]></system-err>
</testsuite>
