<?xml version="1.0" encoding="UTF-8"?>
<testsuite name="com.cg.onlineadmissionsyst.servtes.ProgramScheduledMockTest" tests="6" skipped="0" failures="0" errors="0" timestamp="2021-05-17T07:55:42" hostname="LAPTOP-F30D8FKO" time="0.031">
  <properties/>
  <testcase name="testdeleteProgramScheduleById()" classname="com.cg.onlineadmissionsyst.servtes.ProgramScheduledMockTest" time="0.005"/>
  <testcase name="testgetProgramScheduleById()" classname="com.cg.onlineadmissionsyst.servtes.ProgramScheduledMockTest" time="0.005"/>
  <testcase name="testupdateProgramSchedule()" classname="com.cg.onlineadmissionsyst.servtes.ProgramScheduledMockTest" time="0.004"/>
  <testcase name="testgetProgramScheduleByStartDate()" classname="com.cg.onlineadmissionsyst.servtes.ProgramScheduledMockTest" time="0.003"/>
  <testcase name="testaddProgramSchedule()" classname="com.cg.onlineadmissionsyst.servtes.ProgramScheduledMockTest" time="0.004"/>
  <testcase name="testviewAllProgramScheduleDetails()" classname="com.cg.onlineadmissionsyst.servtes.ProgramScheduledMockTest" time="0.004"/>
  <system-out><![CDATA[2021-05-17 13:25:42.518  INFO 25936 --- [    Test worker] o.s.t.c.s.DefaultTestContextBootstrapper : Neither @ContextConfiguration nor @ContextHierarchy found for test class [com.cg.onlineadmissionsyst.servtes.ProgramScheduledMockTest], using DelegatingSmartContextLoader
2021-05-17 13:25:42.519  INFO 25936 --- [    Test worker] o.s.t.c.support.AbstractContextLoader    : Could not detect default resource locations for test class [com.cg.onlineadmissionsyst.servtes.ProgramScheduledMockTest]: no resource found for suffixes {-context.xml}.
2021-05-17 13:25:42.519  INFO 25936 --- [    Test worker] t.c.s.AnnotationConfigContextLoaderUtils : Could not detect default configuration classes for test class [com.cg.onlineadmissionsyst.servtes.ProgramScheduledMockTest]: ProgramScheduledMockTest does not declare any static, non-private, non-final, nested classes annotated with @Configuration.
2021-05-17 13:25:42.520  INFO 25936 --- [    Test worker] o.s.t.c.s.DefaultTestContextBootstrapper : Loaded default TestExecutionListener class names from location [META-INF/spring.factories]: [org.springframework.boot.test.autoconfigure.restdocs.RestDocsTestExecutionListener, org.springframework.boot.test.autoconfigure.web.client.MockRestServiceServerResetTestExecutionListener, org.springframework.boot.test.autoconfigure.web.servlet.MockMvcPrintOnlyOnFailureTestExecutionListener, org.springframework.boot.test.autoconfigure.web.servlet.WebDriverTestExecutionListener, org.springframework.boot.test.autoconfigure.webservices.client.MockWebServiceServerTestExecutionListener, org.springframework.boot.test.mock.mockito.MockitoTestExecutionListener, org.springframework.boot.test.mock.mockito.ResetMocksTestExecutionListener, org.springframework.test.context.web.ServletTestExecutionListener, org.springframework.test.context.support.DirtiesContextBeforeModesTestExecutionListener, org.springframework.test.context.event.ApplicationEventsTestExecutionListener, org.springframework.test.context.support.DependencyInjectionTestExecutionListener, org.springframework.test.context.support.DirtiesContextTestExecutionListener, org.springframework.test.context.transaction.TransactionalTestExecutionListener, org.springframework.test.context.jdbc.SqlScriptsTestExecutionListener, org.springframework.test.context.event.EventPublishingTestExecutionListener]
2021-05-17 13:25:42.520  INFO 25936 --- [    Test worker] o.s.t.c.s.DefaultTestContextBootstrapper : Using TestExecutionListeners: [org.springframework.test.context.web.ServletTestExecutionListener@21d46633, org.springframework.test.context.support.DirtiesContextBeforeModesTestExecutionListener@63e798ac, org.springframework.test.context.event.ApplicationEventsTestExecutionListener@f1f1303, org.springframework.boot.test.mock.mockito.MockitoTestExecutionListener@68a7663b, org.springframework.test.context.support.DependencyInjectionTestExecutionListener@6a4070e2, org.springframework.test.context.support.DirtiesContextTestExecutionListener@353da7fe, org.springframework.test.context.transaction.TransactionalTestExecutionListener@42cd2d51, org.springframework.test.context.jdbc.SqlScriptsTestExecutionListener@11080d8d, org.springframework.test.context.event.EventPublishingTestExecutionListener@78a6a82e, org.springframework.boot.test.autoconfigure.restdocs.RestDocsTestExecutionListener@207cf293, org.springframework.boot.test.autoconfigure.web.client.MockRestServiceServerResetTestExecutionListener@bf0e468, org.springframework.boot.test.autoconfigure.web.servlet.MockMvcPrintOnlyOnFailureTestExecutionListener@5ac5f4fe, org.springframework.boot.test.autoconfigure.web.servlet.WebDriverTestExecutionListener@176fd050, org.springframework.boot.test.autoconfigure.webservices.client.MockWebServiceServerTestExecutionListener@50c04044, org.springframework.boot.test.mock.mockito.ResetMocksTestExecutionListener@5c1f2d90]
]]></system-out>
  <system-err><![CDATA[]]></system-err>
</testsuite>
