<?xml version="1.0" encoding="UTF-8"?>
<testsuite name="com.cg.onlineadmissionsyst.servtes.CourseMockito" tests="8" skipped="0" failures="0" errors="0" timestamp="2021-05-17T07:55:42" hostname="LAPTOP-F30D8FKO" time="0.041">
  <properties/>
  <testcase name="detbyname()" classname="com.cg.onlineadmissionsyst.servtes.CourseMockito" time="0.004"/>
  <testcase name="getbyeligiTest()" classname="com.cg.onlineadmissionsyst.servtes.CourseMockito" time="0.003"/>
  <testcase name="updateTest()" classname="com.cg.onlineadmissionsyst.servtes.CourseMockito" time="0.005"/>
  <testcase name="getbyidTest()" classname="com.cg.onlineadmissionsyst.servtes.CourseMockito" time="0.004"/>
  <testcase name="viewTest()" classname="com.cg.onlineadmissionsyst.servtes.CourseMockito" time="0.003"/>
  <testcase name="createTest()" classname="com.cg.onlineadmissionsyst.servtes.CourseMockito" time="0.003"/>
  <testcase name="deletebyid()" classname="com.cg.onlineadmissionsyst.servtes.CourseMockito" time="0.004"/>
  <testcase name="getbynameTest()" classname="com.cg.onlineadmissionsyst.servtes.CourseMockito" time="0.003"/>
  <system-out><![CDATA[2021-05-17 13:25:42.123  INFO 25936 --- [    Test worker] o.s.t.c.s.DefaultTestContextBootstrapper : Neither @ContextConfiguration nor @ContextHierarchy found for test class [com.cg.onlineadmissionsyst.servtes.CourseMockito], using DelegatingSmartContextLoader
2021-05-17 13:25:42.124  INFO 25936 --- [    Test worker] o.s.t.c.support.AbstractContextLoader    : Could not detect default resource locations for test class [com.cg.onlineadmissionsyst.servtes.CourseMockito]: no resource found for suffixes {-context.xml}.
2021-05-17 13:25:42.124  INFO 25936 --- [    Test worker] t.c.s.AnnotationConfigContextLoaderUtils : Could not detect default configuration classes for test class [com.cg.onlineadmissionsyst.servtes.CourseMockito]: CourseMockito does not declare any static, non-private, non-final, nested classes annotated with @Configuration.
2021-05-17 13:25:42.125  INFO 25936 --- [    Test worker] o.s.t.c.s.DefaultTestContextBootstrapper : Loaded default TestExecutionListener class names from location [META-INF/spring.factories]: [org.springframework.boot.test.autoconfigure.restdocs.RestDocsTestExecutionListener, org.springframework.boot.test.autoconfigure.web.client.MockRestServiceServerResetTestExecutionListener, org.springframework.boot.test.autoconfigure.web.servlet.MockMvcPrintOnlyOnFailureTestExecutionListener, org.springframework.boot.test.autoconfigure.web.servlet.WebDriverTestExecutionListener, org.springframework.boot.test.autoconfigure.webservices.client.MockWebServiceServerTestExecutionListener, org.springframework.boot.test.mock.mockito.MockitoTestExecutionListener, org.springframework.boot.test.mock.mockito.ResetMocksTestExecutionListener, org.springframework.test.context.web.ServletTestExecutionListener, org.springframework.test.context.support.DirtiesContextBeforeModesTestExecutionListener, org.springframework.test.context.event.ApplicationEventsTestExecutionListener, org.springframework.test.context.support.DependencyInjectionTestExecutionListener, org.springframework.test.context.support.DirtiesContextTestExecutionListener, org.springframework.test.context.transaction.TransactionalTestExecutionListener, org.springframework.test.context.jdbc.SqlScriptsTestExecutionListener, org.springframework.test.context.event.EventPublishingTestExecutionListener]
2021-05-17 13:25:42.126  INFO 25936 --- [    Test worker] o.s.t.c.s.DefaultTestContextBootstrapper : Using TestExecutionListeners: [org.springframework.test.context.web.ServletTestExecutionListener@320dfc95, org.springframework.test.context.support.DirtiesContextBeforeModesTestExecutionListener@53802499, org.springframework.test.context.event.ApplicationEventsTestExecutionListener@16fcfffb, org.springframework.boot.test.mock.mockito.MockitoTestExecutionListener@7c4e0cf1, org.springframework.test.context.support.DependencyInjectionTestExecutionListener@21fabeb9, org.springframework.test.context.support.DirtiesContextTestExecutionListener@738cf2f3, org.springframework.test.context.transaction.TransactionalTestExecutionListener@2fec85e, org.springframework.test.context.jdbc.SqlScriptsTestExecutionListener@edb7574, org.springframework.test.context.event.EventPublishingTestExecutionListener@7a201d60, org.springframework.boot.test.autoconfigure.restdocs.RestDocsTestExecutionListener@6eaf63bd, org.springframework.boot.test.autoconfigure.web.client.MockRestServiceServerResetTestExecutionListener@1a67fa0e, org.springframework.boot.test.autoconfigure.web.servlet.MockMvcPrintOnlyOnFailureTestExecutionListener@4f424ce3, org.springframework.boot.test.autoconfigure.web.servlet.WebDriverTestExecutionListener@35f38376, org.springframework.boot.test.autoconfigure.webservices.client.MockWebServiceServerTestExecutionListener@20d4acfe, org.springframework.boot.test.mock.mockito.ResetMocksTestExecutionListener@5c69560]
]]></system-out>
  <system-err><![CDATA[]]></system-err>
</testsuite>
