<?xml version="1.0" encoding="UTF-8"?>
<testsuite name="com.cg.onlineadmissionsyst.servtes.DocumentMockito" tests="10" skipped="0" failures="0" errors="0" timestamp="2021-05-17T07:55:42" hostname="LAPTOP-F30D8FKO" time="0.044">
  <properties/>
  <testcase name="getDocumentByapplicantId()" classname="com.cg.onlineadmissionsyst.servtes.DocumentMockito" time="0.004"/>
  <testcase name="DeleteDocumentByapplicantidTest()" classname="com.cg.onlineadmissionsyst.servtes.DocumentMockito" time="0.003"/>
  <testcase name="DeleteDocumentByemailIdTest()" classname="com.cg.onlineadmissionsyst.servtes.DocumentMockito" time="0.003"/>
  <testcase name="getDocumentBynameId()" classname="com.cg.onlineadmissionsyst.servtes.DocumentMockito" time="0.003"/>
  <testcase name="addDocument()" classname="com.cg.onlineadmissionsyst.servtes.DocumentMockito" time="0.003"/>
  <testcase name="getDocumentById()" classname="com.cg.onlineadmissionsyst.servtes.DocumentMockito" time="0.003"/>
  <testcase name="viewAll()" classname="com.cg.onlineadmissionsyst.servtes.DocumentMockito" time="0.004"/>
  <testcase name="DeleteDocumentByIdTest()" classname="com.cg.onlineadmissionsyst.servtes.DocumentMockito" time="0.003"/>
  <testcase name="getDocumentByEmailId()" classname="com.cg.onlineadmissionsyst.servtes.DocumentMockito" time="0.003"/>
  <testcase name="updateDocument()" classname="com.cg.onlineadmissionsyst.servtes.DocumentMockito" time="0.005"/>
  <system-out><![CDATA[2021-05-17 13:25:42.221  INFO 25936 --- [    Test worker] o.s.t.c.s.DefaultTestContextBootstrapper : Neither @ContextConfiguration nor @ContextHierarchy found for test class [com.cg.onlineadmissionsyst.servtes.DocumentMockito], using DelegatingSmartContextLoader
2021-05-17 13:25:42.222  INFO 25936 --- [    Test worker] o.s.t.c.support.AbstractContextLoader    : Could not detect default resource locations for test class [com.cg.onlineadmissionsyst.servtes.DocumentMockito]: no resource found for suffixes {-context.xml}.
2021-05-17 13:25:42.222  INFO 25936 --- [    Test worker] t.c.s.AnnotationConfigContextLoaderUtils : Could not detect default configuration classes for test class [com.cg.onlineadmissionsyst.servtes.DocumentMockito]: DocumentMockito does not declare any static, non-private, non-final, nested classes annotated with @Configuration.
2021-05-17 13:25:42.223  INFO 25936 --- [    Test worker] o.s.t.c.s.DefaultTestContextBootstrapper : Loaded default TestExecutionListener class names from location [META-INF/spring.factories]: [org.springframework.boot.test.autoconfigure.restdocs.RestDocsTestExecutionListener, org.springframework.boot.test.autoconfigure.web.client.MockRestServiceServerResetTestExecutionListener, org.springframework.boot.test.autoconfigure.web.servlet.MockMvcPrintOnlyOnFailureTestExecutionListener, org.springframework.boot.test.autoconfigure.web.servlet.WebDriverTestExecutionListener, org.springframework.boot.test.autoconfigure.webservices.client.MockWebServiceServerTestExecutionListener, org.springframework.boot.test.mock.mockito.MockitoTestExecutionListener, org.springframework.boot.test.mock.mockito.ResetMocksTestExecutionListener, org.springframework.test.context.web.ServletTestExecutionListener, org.springframework.test.context.support.DirtiesContextBeforeModesTestExecutionListener, org.springframework.test.context.event.ApplicationEventsTestExecutionListener, org.springframework.test.context.support.DependencyInjectionTestExecutionListener, org.springframework.test.context.support.DirtiesContextTestExecutionListener, org.springframework.test.context.transaction.TransactionalTestExecutionListener, org.springframework.test.context.jdbc.SqlScriptsTestExecutionListener, org.springframework.test.context.event.EventPublishingTestExecutionListener]
2021-05-17 13:25:42.224  INFO 25936 --- [    Test worker] o.s.t.c.s.DefaultTestContextBootstrapper : Using TestExecutionListeners: [org.springframework.test.context.web.ServletTestExecutionListener@498a0bd1, org.springframework.test.context.support.DirtiesContextBeforeModesTestExecutionListener@774538c0, org.springframework.test.context.event.ApplicationEventsTestExecutionListener@67701a6d, org.springframework.boot.test.mock.mockito.MockitoTestExecutionListener@7234c96c, org.springframework.test.context.support.DependencyInjectionTestExecutionListener@6b799078, org.springframework.test.context.support.DirtiesContextTestExecutionListener@352436ef, org.springframework.test.context.transaction.TransactionalTestExecutionListener@52e0e154, org.springframework.test.context.jdbc.SqlScriptsTestExecutionListener@64b3dcd, org.springframework.test.context.event.EventPublishingTestExecutionListener@2196872c, org.springframework.boot.test.autoconfigure.restdocs.RestDocsTestExecutionListener@35114ebf, org.springframework.boot.test.autoconfigure.web.client.MockRestServiceServerResetTestExecutionListener@60aef308, org.springframework.boot.test.autoconfigure.web.servlet.MockMvcPrintOnlyOnFailureTestExecutionListener@3fd41f85, org.springframework.boot.test.autoconfigure.web.servlet.WebDriverTestExecutionListener@2a6e50b4, org.springframework.boot.test.autoconfigure.webservices.client.MockWebServiceServerTestExecutionListener@153587f0, org.springframework.boot.test.mock.mockito.ResetMocksTestExecutionListener@29400ed]
]]></system-out>
  <system-err><![CDATA[]]></system-err>
</testsuite>
