<?xml version="1.0" encoding="UTF-8"?>
<testsuite name="com.cg.onlineadmissionsyst.servtes.ApplicationTest" tests="8" skipped="8" failures="0" errors="0" timestamp="2021-05-17T07:55:41" hostname="LAPTOP-F30D8FKO" time="0.005">
  <properties/>
  <testcase name="testgetApplicationDetailsByStatus()" classname="com.cg.onlineadmissionsyst.servtes.ApplicationTest" time="0.0">
    <skipped/>
  </testcase>
  <testcase name="testDeleteApplicationById()" classname="com.cg.onlineadmissionsyst.servtes.ApplicationTest" time="0.001">
    <skipped/>
  </testcase>
  <testcase name="testgetApplicationById()" classname="com.cg.onlineadmissionsyst.servtes.ApplicationTest" time="0.0">
    <skipped/>
  </testcase>
  <testcase name="testaddapplication()" classname="com.cg.onlineadmissionsyst.servtes.ApplicationTest" time="0.0">
    <skipped/>
  </testcase>
  <testcase name="testgetapplicationbyemail()" classname="com.cg.onlineadmissionsyst.servtes.ApplicationTest" time="0.0">
    <skipped/>
  </testcase>
  <testcase name="testDeleteApplicationByEmail()" classname="com.cg.onlineadmissionsyst.servtes.ApplicationTest" time="0.0">
    <skipped/>
  </testcase>
  <testcase name="testviewapplication()" classname="com.cg.onlineadmissionsyst.servtes.ApplicationTest" time="0.0">
    <skipped/>
  </testcase>
  <testcase name="testupdateApplicationStatus()" classname="com.cg.onlineadmissionsyst.servtes.ApplicationTest" time="0.0">
    <skipped/>
  </testcase>
  <system-out><![CDATA[2021-05-17 13:25:41.984  INFO 25936 --- [    Test worker] .b.t.c.SpringBootTestContextBootstrapper : Neither @ContextConfiguration nor @ContextHierarchy found for test class [com.cg.onlineadmissionsyst.servtes.ApplicationTest], using SpringBootContextLoader
2021-05-17 13:25:41.986  INFO 25936 --- [    Test worker] o.s.t.c.support.AbstractContextLoader    : Could not detect default resource locations for test class [com.cg.onlineadmissionsyst.servtes.ApplicationTest]: no resource found for suffixes {-context.xml, Context.groovy}.
2021-05-17 13:25:41.986  INFO 25936 --- [    Test worker] t.c.s.AnnotationConfigContextLoaderUtils : Could not detect default configuration classes for test class [com.cg.onlineadmissionsyst.servtes.ApplicationTest]: ApplicationTest does not declare any static, non-private, non-final, nested classes annotated with @Configuration.
2021-05-17 13:25:41.988  INFO 25936 --- [    Test worker] .b.t.c.SpringBootTestContextBootstrapper : Found @SpringBootConfiguration com.cg.onlineadmissionsyst.OnlineadmissionsystApplication for test class com.cg.onlineadmissionsyst.servtes.ApplicationTest
2021-05-17 13:25:41.991  INFO 25936 --- [    Test worker] .b.t.c.SpringBootTestContextBootstrapper : Loaded default TestExecutionListener class names from location [META-INF/spring.factories]: [org.springframework.boot.test.autoconfigure.restdocs.RestDocsTestExecutionListener, org.springframework.boot.test.autoconfigure.web.client.MockRestServiceServerResetTestExecutionListener, org.springframework.boot.test.autoconfigure.web.servlet.MockMvcPrintOnlyOnFailureTestExecutionListener, org.springframework.boot.test.autoconfigure.web.servlet.WebDriverTestExecutionListener, org.springframework.boot.test.autoconfigure.webservices.client.MockWebServiceServerTestExecutionListener, org.springframework.boot.test.mock.mockito.MockitoTestExecutionListener, org.springframework.boot.test.mock.mockito.ResetMocksTestExecutionListener, org.springframework.test.context.web.ServletTestExecutionListener, org.springframework.test.context.support.DirtiesContextBeforeModesTestExecutionListener, org.springframework.test.context.event.ApplicationEventsTestExecutionListener, org.springframework.test.context.support.DependencyInjectionTestExecutionListener, org.springframework.test.context.support.DirtiesContextTestExecutionListener, org.springframework.test.context.transaction.TransactionalTestExecutionListener, org.springframework.test.context.jdbc.SqlScriptsTestExecutionListener, org.springframework.test.context.event.EventPublishingTestExecutionListener]
2021-05-17 13:25:41.991  INFO 25936 --- [    Test worker] .b.t.c.SpringBootTestContextBootstrapper : Using TestExecutionListeners: [org.springframework.test.context.web.ServletTestExecutionListener@269a798d, org.springframework.test.context.support.DirtiesContextBeforeModesTestExecutionListener@33b69b77, org.springframework.test.context.event.ApplicationEventsTestExecutionListener@5b27177b, org.springframework.boot.test.mock.mockito.MockitoTestExecutionListener@5669b4d2, org.springframework.boot.test.autoconfigure.SpringBootDependencyInjectionTestExecutionListener@234ae983, org.springframework.test.context.support.DirtiesContextTestExecutionListener@24a0b3be, org.springframework.test.context.transaction.TransactionalTestExecutionListener@475fe49e, org.springframework.test.context.jdbc.SqlScriptsTestExecutionListener@5c0b0783, org.springframework.test.context.event.EventPublishingTestExecutionListener@28f9eb70, org.springframework.boot.test.autoconfigure.restdocs.RestDocsTestExecutionListener@9e59092, org.springframework.boot.test.autoconfigure.web.client.MockRestServiceServerResetTestExecutionListener@3126fe24, org.springframework.boot.test.autoconfigure.web.servlet.MockMvcPrintOnlyOnFailureTestExecutionListener@3595c09c, org.springframework.boot.test.autoconfigure.web.servlet.WebDriverTestExecutionListener@52d00f35, org.springframework.boot.test.autoconfigure.webservices.client.MockWebServiceServerTestExecutionListener@779474fd, org.springframework.boot.test.mock.mockito.ResetMocksTestExecutionListener@71c563f5]
]]></system-out>
  <system-err><![CDATA[]]></system-err>
</testsuite>
